# JRE version: Java(TM) SE Runtime Environment 18.9 (11.0.10+8) (build 11.0.10+8-LTS-162)
# Java VM: Java HotSpot(TM) 64-Bit Server VM 18.9 (11.0.10+8-LTS-162, mixed mode, tiered, compressed oops, parallel gc, windows-amd64)
Heap:
 PSYoungGen      total 34304K, used 32758K [0x00000000eab00000, 0x00000000efb80000, 0x0000000100000000)
  eden space 33792K, 95% used [0x00000000eab00000,0x00000000eca7d948,0x00000000ecc00000)
  from space 512K, 100% used [0x00000000ee200000,0x00000000ee280000,0x00000000ee280000)
  to   space 22528K, 0% used [0x00000000ecc00000,0x00000000ecc00000,0x00000000ee200000)
 ParOldGen       total 123392K, used 94111K [0x00000000c0000000, 0x00000000c7880000, 0x00000000eab00000)
  object space 123392K, 76% used [0x00000000c0000000,0x00000000c5be7dc0,0x00000000c7880000)
 Metaspace       used 51392K, capacity 54283K, committed 54488K, reserved 1097728K
  class space    used 5258K, capacity 6309K, committed 6400K, reserved 1048576K
GC Heap History (10 events):
Event: 26.520 GC heap before
{Heap before GC invocations=26 (full 3):
 PSYoungGen      total 37376K, used 3155K [0x00000000eab00000, 0x00000000ee680000, 0x0000000100000000)
  eden space 32768K, 0% used [0x00000000eab00000,0x00000000eab00000,0x00000000ecb00000)
  from space 4608K, 68% used [0x00000000ede00000,0x00000000ee114f00,0x00000000ee280000)
  to   space 3584K, 0% used [0x00000000ee300000,0x00000000ee300000,0x00000000ee680000)
 ParOldGen       total 68608K, used 54315K [0x00000000c0000000, 0x00000000c4300000, 0x00000000eab00000)
  object space 68608K, 79% used [0x00000000c0000000,0x00000000c350af40,0x00000000c4300000)
 Metaspace       used 50914K, capacity 53803K, committed 53976K, reserved 1097728K
  class space    used 5225K, capacity 6277K, committed 6400K, reserved 1048576K
}
Event: 27.197 GC heap after
{Heap after GC invocations=26 (full 3):
 PSYoungGen      total 32768K, used 0K [0x00000000eab00000, 0x00000000ee380000, 0x0000000100000000)
  eden space 32256K, 0% used [0x00000000eab00000,0x00000000eab00000,0x00000000eca80000)
  from space 512K, 0% used [0x00000000ee300000,0x00000000ee300000,0x00000000ee380000)
  to   space 3584K, 0% used [0x00000000edc80000,0x00000000edc80000,0x00000000ee000000)
 ParOldGen       total 89600K, used 45398K [0x00000000c0000000, 0x00000000c5780000, 0x00000000eab00000)
  object space 89600K, 50% used [0x00000000c0000000,0x00000000c2c55b60,0x00000000c5780000)
 Metaspace       used 50914K, capacity 53803K, committed 53976K, reserved 1097728K
  class space    used 5225K, capacity 6277K, committed 6400K, reserved 1048576K
}
Event: 27.247 GC heap before
{Heap before GC invocations=27 (full 3):
 PSYoungGen      total 32768K, used 27115K [0x00000000eab00000, 0x00000000ee380000, 0x0000000100000000)
  eden space 32256K, 84% used [0x00000000eab00000,0x00000000ec57ae30,0x00000000eca80000)
  from space 512K, 0% used [0x00000000ee300000,0x00000000ee300000,0x00000000ee380000)
  to   space 3584K, 0% used [0x00000000edc80000,0x00000000edc80000,0x00000000ee000000)
 ParOldGen       total 89600K, used 45398K [0x00000000c0000000, 0x00000000c5780000, 0x00000000eab00000)
  object space 89600K, 50% used [0x00000000c0000000,0x00000000c2c55b60,0x00000000c5780000)
 Metaspace       used 50939K, capacity 53867K, committed 54232K, reserved 1097728K
  class space    used 5228K, capacity 6277K, committed 6400K, reserved 1048576K
}
Event: 27.315 GC heap after
{Heap after GC invocations=27 (full 3):
 PSYoungGen      total 35328K, used 96K [0x00000000eab00000, 0x00000000ee380000, 0x0000000100000000)
  eden space 31744K, 0% used [0x00000000eab00000,0x00000000eab00000,0x00000000eca00000)
  from space 3584K, 2% used [0x00000000edc80000,0x00000000edc98000,0x00000000ee000000)
  to   space 1536K, 0% used [0x00000000ee200000,0x00000000ee200000,0x00000000ee380000)
 ParOldGen       total 89600K, used 71728K [0x00000000c0000000, 0x00000000c5780000, 0x00000000eab00000)
  object space 89600K, 80% used [0x00000000c0000000,0x00000000c460c110,0x00000000c5780000)
 Metaspace       used 50939K, capacity 53867K, committed 54232K, reserved 1097728K
  class space    used 5228K, capacity 6277K, committed 6400K, reserved 1048576K
}
Event: 27.315 GC heap before
{Heap before GC invocations=28 (full 4):
 PSYoungGen      total 35328K, used 96K [0x00000000eab00000, 0x00000000ee380000, 0x0000000100000000)
  eden space 31744K, 0% used [0x00000000eab00000,0x00000000eab00000,0x00000000eca00000)
  from space 3584K, 2% used [0x00000000edc80000,0x00000000edc98000,0x00000000ee000000)
  to   space 1536K, 0% used [0x00000000ee200000,0x00000000ee200000,0x00000000ee380000)
 ParOldGen       total 89600K, used 71728K [0x00000000c0000000, 0x00000000c5780000, 0x00000000eab00000)
  object space 89600K, 80% used [0x00000000c0000000,0x00000000c460c110,0x00000000c5780000)
 Metaspace       used 50939K, capacity 53867K, committed 54232K, reserved 1097728K
  class space    used 5228K, capacity 6277K, committed 6400K, reserved 1048576K
}
Event: 27.772 GC heap after
{Heap after GC invocations=28 (full 4):
 PSYoungGen      total 34816K, used 0K [0x00000000eab00000, 0x00000000ee280000, 0x0000000100000000)
  eden space 34304K, 0% used [0x00000000eab00000,0x00000000eab00000,0x00000000ecc80000)
  from space 512K, 0% used [0x00000000ee200000,0x00000000ee200000,0x00000000ee280000)
  to   space 1536K, 0% used [0x00000000edf80000,0x00000000edf80000,0x00000000ee100000)
 ParOldGen       total 123392K, used 48752K [0x00000000c0000000, 0x00000000c7880000, 0x00000000eab00000)
  object space 123392K, 39% used [0x00000000c0000000,0x00000000c2f9c378,0x00000000c7880000)
 Metaspace       used 50939K, capacity 53867K, committed 54232K, reserved 1097728K
  class space    used 5228K, capacity 6277K, committed 6400K, reserved 1048576K
}
Event: 28.113 GC heap before
{Heap before GC invocations=29 (full 4):
 PSYoungGen      total 34816K, used 34304K [0x00000000eab00000, 0x00000000ee280000, 0x0000000100000000)
  eden space 34304K, 100% used [0x00000000eab00000,0x00000000ecc80000,0x00000000ecc80000)
  from space 512K, 0% used [0x00000000ee200000,0x00000000ee200000,0x00000000ee280000)
  to   space 1536K, 0% used [0x00000000edf80000,0x00000000edf80000,0x00000000ee100000)
 ParOldGen       total 123392K, used 48752K [0x00000000c0000000, 0x00000000c7880000, 0x00000000eab00000)
  object space 123392K, 39% used [0x00000000c0000000,0x00000000c2f9c378,0x00000000c7880000)
 Metaspace       used 51318K, capacity 54283K, committed 54488K, reserved 1097728K
  class space    used 5248K, capacity 6309K, committed 6400K, reserved 1048576K
}
Event: 28.274 GC heap after
{Heap after GC invocations=29 (full 4):
 PSYoungGen      total 35840K, used 1535K [0x00000000eab00000, 0x00000000ee280000, 0x0000000100000000)
  eden space 34304K, 0% used [0x00000000eab00000,0x00000000eab00000,0x00000000ecc80000)
  from space 1536K, 99% used [0x00000000edf80000,0x00000000ee0ffd58,0x00000000ee100000)
  to   space 512K, 0% used [0x00000000ee200000,0x00000000ee200000,0x00000000ee280000)
 ParOldGen       total 123392K, used 76107K [0x00000000c0000000, 0x00000000c7880000, 0x00000000eab00000)
  object space 123392K, 61% used [0x00000000c0000000,0x00000000c4a52eb8,0x00000000c7880000)
 Metaspace       used 51318K, capacity 54283K, committed 54488K, reserved 1097728K
  class space    used 5248K, capacity 6309K, committed 6400K, reserved 1048576K
}
Event: 28.433 GC heap before
{Heap before GC invocations=30 (full 4):
 PSYoungGen      total 35840K, used 35839K [0x00000000eab00000, 0x00000000ee280000, 0x0000000100000000)
  eden space 34304K, 100% used [0x00000000eab00000,0x00000000ecc80000,0x00000000ecc80000)
  from space 1536K, 99% used [0x00000000edf80000,0x00000000ee0ffd58,0x00000000ee100000)
  to   space 512K, 0% used [0x00000000ee200000,0x00000000ee200000,0x00000000ee280000)
 ParOldGen       total 123392K, used 76107K [0x00000000c0000000, 0x00000000c7880000, 0x00000000eab00000)
  object space 123392K, 61% used [0x00000000c0000000,0x00000000c4a52eb8,0x00000000c7880000)
 Metaspace       used 51371K, capacity 54283K, committed 54488K, reserved 1097728K
  class space    used 5253K, capacity 6309K, committed 6400K, reserved 1048576K
}
Event: 28.451 GC heap after
{Heap after GC invocations=30 (full 4):
 PSYoungGen      total 34304K, used 512K [0x00000000eab00000, 0x00000000efb80000, 0x0000000100000000)
  eden space 33792K, 0% used [0x00000000eab00000,0x00000000eab00000,0x00000000ecc00000)
  from space 512K, 100% used [0x00000000ee200000,0x00000000ee280000,0x00000000ee280000)
  to   space 22528K, 0% used [0x00000000ecc00000,0x00000000ecc00000,0x00000000ee200000)
 ParOldGen       total 123392K, used 94111K [0x00000000c0000000, 0x00000000c7880000, 0x00000000eab00000)
  object space 123392K, 76% used [0x00000000c0000000,0x00000000c5be7dc0,0x00000000c7880000)
 Metaspace       used 51371K, capacity 54283K, committed 54488K, reserved 1097728K
  class space    used 5253K, capacity 6309K, committed 6400K, reserved 1048576K
}

